<?xml version="1.0" encoding="UTF-8"?>
<coverage generated="1566413289145" clover="3.2.0">
  <project timestamp="1566413289145" name="All files">
    <metrics statements="37" coveredstatements="34" conditionals="9" coveredconditionals="5" methods="12" coveredmethods="10" elements="58" coveredelements="49" complexity="0" loc="37" ncloc="37" packages="2" files="6" classes="6"/>
    <package name="components">
      <metrics statements="23" coveredstatements="20" conditionals="6" coveredconditionals="3" methods="7" coveredmethods="5"/>
      <file name="chart.js" path="/Users/arabovm/Documents/dev/Webpack-4-boilerplate/src/scripts/components/chart.js">
        <metrics statements="2" coveredstatements="2" conditionals="0" coveredconditionals="0" methods="1" coveredmethods="1"/>
        <line num="3" count="3" type="stmt"/>
        <line num="4" count="1" type="stmt"/>
      </file>
      <file name="comment.js" path="/Users/arabovm/Documents/dev/Webpack-4-boilerplate/src/scripts/components/comment.js">
        <metrics statements="4" coveredstatements="4" conditionals="2" coveredconditionals="1" methods="1" coveredmethods="1"/>
        <line num="1" count="3" type="stmt"/>
        <line num="2" count="1" type="stmt"/>
        <line num="3" count="1" type="stmt"/>
        <line num="13" count="1" type="stmt"/>
      </file>
      <file name="form.js" path="/Users/arabovm/Documents/dev/Webpack-4-boilerplate/src/scripts/components/form.js">
        <metrics statements="17" coveredstatements="14" conditionals="4" coveredconditionals="2" methods="5" coveredmethods="3"/>
        <line num="7" count="3" type="stmt"/>
        <line num="8" count="3" type="stmt"/>
        <line num="12" count="0" type="cond" truecount="0" falsecount="2"/>
        <line num="13" count="0" type="stmt"/>
        <line num="18" count="2" type="cond" truecount="2" falsecount="0"/>
        <line num="19" count="1" type="stmt"/>
        <line num="20" count="1" type="stmt"/>
        <line num="21" count="1" type="stmt"/>
        <line num="22" count="1" type="stmt"/>
        <line num="27" count="1" type="stmt"/>
        <line num="28" count="1" type="stmt"/>
        <line num="30" count="1" type="stmt"/>
        <line num="31" count="1" type="stmt"/>
        <line num="32" count="0" type="stmt"/>
        <line num="35" count="1" type="stmt"/>
        <line num="37" count="1" type="stmt"/>
        <line num="38" count="1" type="stmt"/>
      </file>
    </package>
    <package name="utils">
      <metrics statements="14" coveredstatements="14" conditionals="3" coveredconditionals="2" methods="5" coveredmethods="5"/>
      <file name="displayComments.js" path="/Users/arabovm/Documents/dev/Webpack-4-boilerplate/src/scripts/utils/displayComments.js">
        <metrics statements="5" coveredstatements="5" conditionals="1" coveredconditionals="1" methods="2" coveredmethods="2"/>
        <line num="4" count="1" type="stmt"/>
        <line num="6" count="2" type="cond" truecount="1" falsecount="0"/>
        <line num="7" count="2" type="stmt"/>
        <line num="8" count="2" type="stmt"/>
        <line num="9" count="3" type="stmt"/>
      </file>
      <file name="getLocalStorage.js" path="/Users/arabovm/Documents/dev/Webpack-4-boilerplate/src/scripts/utils/getLocalStorage.js">
        <metrics statements="1" coveredstatements="1" conditionals="0" coveredconditionals="0" methods="1" coveredmethods="1"/>
        <line num="1" count="1" type="stmt"/>
      </file>
      <file name="getRating.js" path="/Users/arabovm/Documents/dev/Webpack-4-boilerplate/src/scripts/utils/getRating.js">
        <metrics statements="8" coveredstatements="8" conditionals="2" coveredconditionals="1" methods="2" coveredmethods="2"/>
        <line num="4" count="2" type="stmt"/>
        <line num="5" count="2" type="cond" truecount="1" falsecount="1"/>
        <line num="6" count="2" type="stmt"/>
        <line num="7" count="2" type="stmt"/>
        <line num="9" count="2" type="stmt"/>
        <line num="10" count="3" type="stmt"/>
        <line num="11" count="3" type="stmt"/>
        <line num="14" count="2" type="stmt"/>
      </file>
    </package>
  </project>
</coverage>
