{"/Users/arabovm/Documents/dev/Webpack-4-boilerplate/src/scripts/components/chart.js": {"path":"/Users/arabovm/Documents/dev/Webpack-4-boilerplate/src/scripts/components/chart.js","statementMap":{"0":{"start":{"line":3,"column":20},"end":{"line":41,"column":1}},"1":{"start":{"line":4,"column":2},"end":{"line":40,"column":5}}},"fnMap":{"0":{"name":"(anonymous_0)","decl":{"start":{"line":3,"column":20},"end":{"line":3,"column":21}},"loc":{"start":{"line":3,"column":28},"end":{"line":41,"column":1}},"line":3}},"branchMap":{},"s":{"0":3,"1":1},"f":{"0":1},"b":{},"_coverageSchema":"43e27e138ebf9cfc5966b082cf9a028302ed4184","hash":"91dcce564b8840d5f47cb540f40f9f1233d1bee1"}
,"/Users/arabovm/Documents/dev/Webpack-4-boilerplate/src/scripts/components/comment.js": {"path":"/Users/arabovm/Documents/dev/Webpack-4-boilerplate/src/scripts/components/comment.js","statementMap":{"0":{"start":{"line":1,"column":27},"end":{"line":14,"column":1}},"1":{"start":{"line":2,"column":26},"end":{"line":2,"column":69}},"2":{"start":{"line":3,"column":24},"end":{"line":12,"column":9}},"3":{"start":{"line":13,"column":2},"end":{"line":13,"column":64}}},"fnMap":{"0":{"name":"(anonymous_0)","decl":{"start":{"line":1,"column":27},"end":{"line":1,"column":28}},"loc":{"start":{"line":1,"column":35},"end":{"line":14,"column":1}},"line":1}},"branchMap":{"0":{"loc":{"start":{"line":6,"column":28},"end":{"line":6,"column":58}},"type":"cond-expr","locations":[{"start":{"line":6,"column":42},"end":{"line":6,"column":53}},{"start":{"line":6,"column":56},"end":{"line":6,"column":58}}],"line":6}},"s":{"0":3,"1":1,"2":1,"3":1},"f":{"0":1},"b":{"0":[1,0]},"_coverageSchema":"43e27e138ebf9cfc5966b082cf9a028302ed4184","hash":"5b8ec86687edd854b6e8783b26279a72c9ed850b"}
,"/Users/arabovm/Documents/dev/Webpack-4-boilerplate/src/scripts/components/form.js": {"path":"/Users/arabovm/Documents/dev/Webpack-4-boilerplate/src/scripts/components/form.js","statementMap":{"0":{"start":{"line":7,"column":4},"end":{"line":7,"column":21}},"1":{"start":{"line":8,"column":4},"end":{"line":8,"column":35}},"2":{"start":{"line":12,"column":4},"end":{"line":14,"column":5}},"3":{"start":{"line":13,"column":6},"end":{"line":13,"column":68}},"4":{"start":{"line":18,"column":4},"end":{"line":23,"column":5}},"5":{"start":{"line":19,"column":27},"end":{"line":19,"column":56}},"6":{"start":{"line":20,"column":6},"end":{"line":20,"column":42}},"7":{"start":{"line":21,"column":6},"end":{"line":21,"column":32}},"8":{"start":{"line":22,"column":6},"end":{"line":22,"column":71}},"9":{"start":{"line":27,"column":4},"end":{"line":27,"column":23}},"10":{"start":{"line":28,"column":17},"end":{"line":28,"column":19}},"11":{"start":{"line":30,"column":21},"end":{"line":30,"column":44}},"12":{"start":{"line":31,"column":4},"end":{"line":33,"column":7}},"13":{"start":{"line":32,"column":6},"end":{"line":32,"column":24}},"14":{"start":{"line":35,"column":4},"end":{"line":35,"column":35}},"15":{"start":{"line":37,"column":4},"end":{"line":37,"column":16}},"16":{"start":{"line":38,"column":4},"end":{"line":38,"column":29}}},"fnMap":{"0":{"name":"(anonymous_0)","decl":{"start":{"line":6,"column":2},"end":{"line":6,"column":3}},"loc":{"start":{"line":6,"column":20},"end":{"line":9,"column":3}},"line":6},"1":{"name":"(anonymous_1)","decl":{"start":{"line":11,"column":2},"end":{"line":11,"column":3}},"loc":{"start":{"line":11,"column":28},"end":{"line":15,"column":3}},"line":11},"2":{"name":"(anonymous_2)","decl":{"start":{"line":17,"column":2},"end":{"line":17,"column":3}},"loc":{"start":{"line":17,"column":28},"end":{"line":24,"column":3}},"line":17},"3":{"name":"(anonymous_3)","decl":{"start":{"line":26,"column":2},"end":{"line":26,"column":3}},"loc":{"start":{"line":26,"column":18},"end":{"line":39,"column":3}},"line":26},"4":{"name":"(anonymous_4)","decl":{"start":{"line":31,"column":21},"end":{"line":31,"column":22}},"loc":{"start":{"line":31,"column":37},"end":{"line":33,"column":5}},"line":31}},"branchMap":{"0":{"loc":{"start":{"line":12,"column":4},"end":{"line":14,"column":5}},"type":"if","locations":[{"start":{"line":12,"column":4},"end":{"line":14,"column":5}},{"start":{"line":12,"column":4},"end":{"line":14,"column":5}}],"line":12},"1":{"loc":{"start":{"line":18,"column":4},"end":{"line":23,"column":5}},"type":"if","locations":[{"start":{"line":18,"column":4},"end":{"line":23,"column":5}},{"start":{"line":18,"column":4},"end":{"line":23,"column":5}}],"line":18}},"s":{"0":3,"1":3,"2":0,"3":0,"4":2,"5":1,"6":1,"7":1,"8":1,"9":1,"10":1,"11":1,"12":1,"13":0,"14":1,"15":1,"16":1},"f":{"0":3,"1":0,"2":2,"3":1,"4":0},"b":{"0":[0,0],"1":[1,1]},"_coverageSchema":"43e27e138ebf9cfc5966b082cf9a028302ed4184","hash":"dfe2534d0257455770fa5683cf6826ada51525e1"}
,"/Users/arabovm/Documents/dev/Webpack-4-boilerplate/src/scripts/utils/displayComments.js": {"path":"/Users/arabovm/Documents/dev/Webpack-4-boilerplate/src/scripts/utils/displayComments.js","statementMap":{"0":{"start":{"line":4,"column":24},"end":{"line":12,"column":1}},"1":{"start":{"line":6,"column":2},"end":{"line":11,"column":3}},"2":{"start":{"line":7,"column":21},"end":{"line":7,"column":50}},"3":{"start":{"line":8,"column":4},"end":{"line":10,"column":7}},"4":{"start":{"line":9,"column":6},"end":{"line":9,"column":31}}},"fnMap":{"0":{"name":"(anonymous_0)","decl":{"start":{"line":4,"column":24},"end":{"line":4,"column":25}},"loc":{"start":{"line":4,"column":30},"end":{"line":12,"column":1}},"line":4},"1":{"name":"(anonymous_1)","decl":{"start":{"line":8,"column":21},"end":{"line":8,"column":22}},"loc":{"start":{"line":8,"column":29},"end":{"line":10,"column":5}},"line":8}},"branchMap":{"0":{"loc":{"start":{"line":6,"column":2},"end":{"line":11,"column":3}},"type":"if","locations":[{"start":{"line":6,"column":2},"end":{"line":11,"column":3}}],"line":6}},"s":{"0":1,"1":2,"2":2,"3":2,"4":3},"f":{"0":2,"1":3},"b":{"0":[2]},"_coverageSchema":"43e27e138ebf9cfc5966b082cf9a028302ed4184","hash":"a1cbfb537b2a42afe5f7fa23c9a92deeb133f1f0"}
,"/Users/arabovm/Documents/dev/Webpack-4-boilerplate/src/scripts/utils/getLocalStorage.js": {"path":"/Users/arabovm/Documents/dev/Webpack-4-boilerplate/src/scripts/utils/getLocalStorage.js","statementMap":{"0":{"start":{"line":1,"column":31},"end":{"line":1,"column":69}},"1":{"start":{"line":1,"column":37},"end":{"line":1,"column":69}}},"fnMap":{"0":{"name":"(anonymous_0)","decl":{"start":{"line":1,"column":31},"end":{"line":1,"column":32}},"loc":{"start":{"line":1,"column":37},"end":{"line":1,"column":69}},"line":1}},"branchMap":{},"s":{"0":1,"1":1},"f":{"0":1},"b":{},"_coverageSchema":"43e27e138ebf9cfc5966b082cf9a028302ed4184","hash":"364a79ca9e01b12936a5e24040f8ea64035a0375"}
,"/Users/arabovm/Documents/dev/Webpack-4-boilerplate/src/scripts/utils/getRating.js": {"path":"/Users/arabovm/Documents/dev/Webpack-4-boilerplate/src/scripts/utils/getRating.js","statementMap":{"0":{"start":{"line":4,"column":18},"end":{"line":16,"column":1}},"1":{"start":{"line":5,"column":2},"end":{"line":15,"column":3}},"2":{"start":{"line":6,"column":20},"end":{"line":6,"column":40}},"3":{"start":{"line":7,"column":31},"end":{"line":7,"column":60}},"4":{"start":{"line":9,"column":4},"end":{"line":12,"column":7}},"5":{"start":{"line":10,"column":24},"end":{"line":10,"column":38}},"6":{"start":{"line":11,"column":6},"end":{"line":11,"column":58}},"7":{"start":{"line":14,"column":4},"end":{"line":14,"column":35}}},"fnMap":{"0":{"name":"(anonymous_0)","decl":{"start":{"line":4,"column":18},"end":{"line":4,"column":19}},"loc":{"start":{"line":4,"column":24},"end":{"line":16,"column":1}},"line":4},"1":{"name":"(anonymous_1)","decl":{"start":{"line":9,"column":31},"end":{"line":9,"column":32}},"loc":{"start":{"line":9,"column":47},"end":{"line":12,"column":5}},"line":9}},"branchMap":{"0":{"loc":{"start":{"line":5,"column":2},"end":{"line":15,"column":3}},"type":"if","locations":[{"start":{"line":5,"column":2},"end":{"line":15,"column":3}},{"start":{"line":5,"column":2},"end":{"line":15,"column":3}}],"line":5}},"s":{"0":2,"1":2,"2":2,"3":2,"4":2,"5":3,"6":3,"7":2},"f":{"0":2,"1":3},"b":{"0":[2,0]},"_coverageSchema":"43e27e138ebf9cfc5966b082cf9a028302ed4184","hash":"2223cf4758404687b4c25308227a024a74744b0a"}
}
