TN:
SF:/Users/svetoslavko/Documents/dev/feedback-page/src/scripts/components/chart.js
FN:3,(anonymous_0)
FNF:1
FNH:1
FNDA:1,(anonymous_0)
DA:3,3
DA:4,1
LF:2
LH:2
BRF:0
BRH:0
end_of_record
TN:
SF:/Users/svetoslavko/Documents/dev/feedback-page/src/scripts/components/comment.js
FN:1,(anonymous_0)
FNF:1
FNH:1
FNDA:1,(anonymous_0)
DA:1,3
DA:2,1
DA:3,1
DA:14,1
LF:4
LH:4
BRDA:7,0,0,1
BRDA:7,0,1,0
BRF:2
BRH:1
end_of_record
TN:
SF:/Users/svetoslavko/Documents/dev/feedback-page/src/scripts/components/form.js
FN:6,(anonymous_0)
FN:11,(anonymous_1)
FN:17,(anonymous_2)
FN:26,(anonymous_3)
FN:31,(anonymous_4)
FNF:5
FNH:3
FNDA:3,(anonymous_0)
FNDA:0,(anonymous_1)
FNDA:2,(anonymous_2)
FNDA:1,(anonymous_3)
FNDA:0,(anonymous_4)
DA:7,3
DA:8,3
DA:12,0
DA:13,0
DA:18,2
DA:19,1
DA:20,1
DA:21,1
DA:22,1
DA:27,1
DA:28,1
DA:30,1
DA:31,1
DA:32,0
DA:35,1
DA:37,1
DA:38,1
LF:17
LH:14
BRDA:12,0,0,0
BRDA:12,0,1,0
BRDA:18,1,0,1
BRDA:18,1,1,1
BRF:4
BRH:2
end_of_record
TN:
SF:/Users/svetoslavko/Documents/dev/feedback-page/src/scripts/utils/displayComments.js
FN:4,(anonymous_0)
FN:8,(anonymous_1)
FNF:2
FNH:2
FNDA:2,(anonymous_0)
FNDA:3,(anonymous_1)
DA:4,1
DA:6,2
DA:7,2
DA:8,2
DA:9,3
LF:5
LH:5
BRDA:6,0,0,2
BRF:1
BRH:1
end_of_record
TN:
SF:/Users/svetoslavko/Documents/dev/feedback-page/src/scripts/utils/getLocalStorage.js
FN:1,(anonymous_0)
FNF:1
FNH:1
FNDA:1,(anonymous_0)
DA:1,1
LF:1
LH:1
BRF:0
BRH:0
end_of_record
TN:
SF:/Users/svetoslavko/Documents/dev/feedback-page/src/scripts/utils/getRating.js
FN:4,(anonymous_0)
FN:9,(anonymous_1)
FNF:2
FNH:2
FNDA:2,(anonymous_0)
FNDA:3,(anonymous_1)
DA:4,2
DA:5,2
DA:6,2
DA:7,2
DA:9,2
DA:10,3
DA:11,3
DA:14,2
LF:8
LH:8
BRDA:5,0,0,2
BRDA:5,0,1,0
BRF:2
BRH:1
end_of_record
